app/build/intermediates/manifest_merge_blame_file/debug/manifest-merger-blame-debug-report.txt
1<?xml version="1.0" encoding="utf-8"?>
2<manifest xmlns:android="http://schemas.android.com/apk/res/android"
3    package="com.example.ict3104.t08"
4    android:versionCode="1"
5    android:versionName="1.0" >
6
7    <uses-sdk
8        android:minSdkVersion="27"
8-->src\main\AndroidManifest.xml
9        android:targetSdkVersion="30" />
9-->src\main\AndroidManifest.xml
10
11    <!--
12         The ACCESS_COARSE/FINE_LOCATION permissions are not required to use
13         Google Maps Android API v2, but you must specify either coarse or fine
14         location permissions for the "MyLocation" functionality.
15    -->
16    <uses-permission android:name="android.permission.ACCESS_FINE_LOCATION" />
16-->src\main\AndroidManifest.xml:10:5-79
16-->src\main\AndroidManifest.xml:10:22-76
17    <uses-permission android:name="android.permission.WAKE_LOCK" />
17-->src\main\AndroidManifest.xml:11:5-68
17-->src\main\AndroidManifest.xml:11:22-65
18    <uses-permission android:name="android.permission.INTERNET" />
18-->src\main\AndroidManifest.xml:12:5-67
18-->src\main\AndroidManifest.xml:12:22-64
19    <uses-permission android:name="android.permission.ACCESS_NETWORK_STATE" />
19-->src\main\AndroidManifest.xml:13:5-79
19-->src\main\AndroidManifest.xml:13:22-76
20    <uses-permission android:name="android.permission.CAMERA" />
20-->src\main\AndroidManifest.xml:14:5-65
20-->src\main\AndroidManifest.xml:14:22-62
21    <uses-permission android:name="android.permission.WRITE_EXTERNAL_STORAGE" />
21-->src\main\AndroidManifest.xml:15:5-81
21-->src\main\AndroidManifest.xml:15:22-78
22    <uses-permission android:name="android.permission.ACCESS_COARSE_LOCATION" />
22-->src\main\AndroidManifest.xml:16:5-81
22-->src\main\AndroidManifest.xml:16:22-78
23    <uses-permission android:name="android.permission.FOREGROUND_SERVICE" />
23-->src\main\AndroidManifest.xml:17:5-77
23-->src\main\AndroidManifest.xml:17:22-74
24
25    <uses-feature android:name="android.hardware.location.gps" />
25-->src\main\AndroidManifest.xml:19:5-66
25-->src\main\AndroidManifest.xml:19:19-63
26    <uses-feature android:name="android.hardware.location.network" />
26-->src\main\AndroidManifest.xml:20:5-70
26-->src\main\AndroidManifest.xml:20:19-67
27
28    <uses-permission android:name="android.permission.VIBRATE" />
28-->src\main\AndroidManifest.xml:22:5-66
28-->src\main\AndroidManifest.xml:22:22-63
29
30    <uses-feature android:name="android.hardware.camera" />
30-->src\main\AndroidManifest.xml:24:5-60
30-->src\main\AndroidManifest.xml:24:19-57
31    <uses-feature
31-->[com.mapbox.mapboxsdk:mapbox-android-sdk:9.0.0] AndroidManifest.xml:9:5-11:35
32        android:glEsVersion="0x00020000"
32-->[com.mapbox.mapboxsdk:mapbox-android-sdk:9.0.0] AndroidManifest.xml:10:9-41
33        android:required="true" />
33-->[com.mapbox.mapboxsdk:mapbox-android-sdk:9.0.0] AndroidManifest.xml:11:9-32
34    <uses-feature
34-->[com.mapbox.mapboxsdk:mapbox-android-sdk:9.0.0] AndroidManifest.xml:12:5-14:36
35        android:name="android.hardware.wifi"
35-->[com.mapbox.mapboxsdk:mapbox-android-sdk:9.0.0] AndroidManifest.xml:13:9-45
36        android:required="false" />
36-->[com.mapbox.mapboxsdk:mapbox-android-sdk:9.0.0] AndroidManifest.xml:14:9-33
37
38    <uses-permission android:name="android.permission.ACCESS_WIFI_STATE" />
38-->[com.mapbox.mapboxsdk:mapbox-android-sdk:9.0.0] AndroidManifest.xml:18:5-76
38-->[com.mapbox.mapboxsdk:mapbox-android-sdk:9.0.0] AndroidManifest.xml:18:22-73
39    <uses-permission android:name="android.permission.READ_EXTERNAL_STORAGE" />
40    <uses-permission android:name="android.permission.RECEIVE_BOOT_COMPLETED" />
40-->[androidx.work:work-runtime:2.2.0] AndroidManifest.xml:27:5-81
40-->[androidx.work:work-runtime:2.2.0] AndroidManifest.xml:27:22-78
41
42    <queries>
42-->[com.google.ar:core:1.19.0] AndroidManifest.xml:29:5-31:15
43        <package android:name="com.google.ar.core" />
43-->[com.google.ar:core:1.19.0] AndroidManifest.xml:30:9-54
43-->[com.google.ar:core:1.19.0] AndroidManifest.xml:30:18-51
44    </queries>
45
46    <application
46-->src\main\AndroidManifest.xml:26:5-69:19
47        android:allowBackup="true"
47-->src\main\AndroidManifest.xml:28:9-35
48        android:appComponentFactory="androidx.core.app.CoreComponentFactory"
48-->[androidx.core:core:1.3.1] AndroidManifest.xml:24:18-86
49        android:debuggable="true"
50        android:extractNativeLibs="false"
51        android:icon="@mipmap/ic_launcher"
51-->src\main\AndroidManifest.xml:29:9-43
52        android:label="@string/app_name"
52-->src\main\AndroidManifest.xml:30:9-41
53        android:roundIcon="@mipmap/ic_launcher_round"
53-->src\main\AndroidManifest.xml:31:9-54
54        android:supportsRtl="true"
54-->src\main\AndroidManifest.xml:32:9-35
55        android:testOnly="true"
56        android:theme="@style/AppTheme"
56-->src\main\AndroidManifest.xml:33:9-40
57        android:usesCleartextTraffic="true" >
57-->src\main\AndroidManifest.xml:27:9-44
58
59        <!--
60             The API key for Google Maps-based APIs is defined as a string resource.
61             (See the file "res/values/google_maps_api.xml").
62             Note that the API key is linked to the encryption key used to sign the APK.
63             You need a different API key for each encryption key, including the release key that is used to
64             sign the APK for publishing.
65             You can define the keys for the debug and release targets in src/debug/ and src/release/.
66        -->
67        <meta-data
67-->src\main\AndroidManifest.xml:42:9-44:55
68            android:name="com.google.android.geo.API_KEY"
68-->src\main\AndroidManifest.xml:43:13-58
69            android:value="@string/google_maps_key" />
69-->src\main\AndroidManifest.xml:44:13-52
70
71        <activity
71-->src\main\AndroidManifest.xml:46:9-49:20
72            android:name="com.example.ict3104.t08.MapsActivity"
72-->src\main\AndroidManifest.xml:47:13-41
73            android:label="@string/title_activity_maps" >
73-->src\main\AndroidManifest.xml:48:13-56
74        </activity>
75
76        <meta-data
76-->src\main\AndroidManifest.xml:51:9-53:36
77            android:name="com.google.android.wearable.standalone"
77-->src\main\AndroidManifest.xml:52:13-66
78            android:value="true" />
78-->src\main\AndroidManifest.xml:53:13-33
79
80        <activity android:name="com.example.ict3104.t08.MainActivity" >
80-->src\main\AndroidManifest.xml:55:9-61:20
80-->src\main\AndroidManifest.xml:55:19-47
81            <intent-filter>
81-->src\main\AndroidManifest.xml:56:13-60:29
82                <action android:name="android.intent.action.MAIN" />
82-->src\main\AndroidManifest.xml:57:17-69
82-->src\main\AndroidManifest.xml:57:25-66
83
84                <category android:name="android.intent.category.LAUNCHER" />
84-->src\main\AndroidManifest.xml:59:17-77
84-->src\main\AndroidManifest.xml:59:27-74
85            </intent-filter>
86        </activity>
87        <!--
88 "AR Optional" app, contains non-AR features that can be used when
89         "Google Play Services for AR" (ARCore) is not available.
90        -->
91        <meta-data
91-->src\main\AndroidManifest.xml:66:9-68:40
92            android:name="com.google.ar.core"
92-->src\main\AndroidManifest.xml:67:13-46
93            android:value="optional" />
93-->src\main\AndroidManifest.xml:68:13-37
94
95        <activity android:name="com.mapbox.services.android.navigation.ui.v5.MapboxNavigationActivity" />
95-->[com.mapbox.mapboxsdk:mapbox-android-navigation-ui:0.42.5] AndroidManifest.xml:10:9-106
95-->[com.mapbox.mapboxsdk:mapbox-android-navigation-ui:0.42.5] AndroidManifest.xml:10:19-103
96
97        <service android:name="com.mapbox.services.android.navigation.v5.navigation.NavigationService" /> <!-- Needs to be explicitly declared on P+ -->
97-->[com.mapbox.mapboxsdk:mapbox-android-navigation:0.42.5] AndroidManifest.xml:12:9-106
97-->[com.mapbox.mapboxsdk:mapbox-android-navigation:0.42.5] AndroidManifest.xml:12:18-103
98        <uses-library
98-->[com.google.android.gms:play-services-maps:17.0.0] AndroidManifest.xml:33:9-35:40
99            android:name="org.apache.http.legacy"
99-->[com.google.android.gms:play-services-maps:17.0.0] AndroidManifest.xml:34:13-50
100            android:required="false" />
100-->[com.google.android.gms:play-services-maps:17.0.0] AndroidManifest.xml:35:13-37
101
102        <activity
102-->[com.google.android.gms:play-services-base:17.0.0] AndroidManifest.xml:23:9-26:75
103            android:name="com.google.android.gms.common.api.GoogleApiActivity"
103-->[com.google.android.gms:play-services-base:17.0.0] AndroidManifest.xml:24:13-79
104            android:exported="false"
104-->[com.google.android.gms:play-services-base:17.0.0] AndroidManifest.xml:25:13-37
105            android:theme="@android:style/Theme.Translucent.NoTitleBar" />
105-->[com.google.android.gms:play-services-base:17.0.0] AndroidManifest.xml:26:13-72
106
107        <meta-data
107-->[com.google.android.gms:play-services-basement:17.0.0] AndroidManifest.xml:23:9-25:69
108            android:name="com.google.android.gms.version"
108-->[com.google.android.gms:play-services-basement:17.0.0] AndroidManifest.xml:24:13-58
109            android:value="@integer/google_play_services_version" />
109-->[com.google.android.gms:play-services-basement:17.0.0] AndroidManifest.xml:25:13-66
110
111        <provider
111-->[com.mapbox.mapboxsdk:mapbox-android-telemetry:4.7.3] AndroidManifest.xml:16:9-20:39
112            android:name="com.mapbox.android.telemetry.provider.MapboxTelemetryInitProvider"
112-->[com.mapbox.mapboxsdk:mapbox-android-telemetry:4.7.3] AndroidManifest.xml:17:13-93
113            android:authorities="com.example.ict3104.t08.mapboxtelemetryinitprovider"
113-->[com.mapbox.mapboxsdk:mapbox-android-telemetry:4.7.3] AndroidManifest.xml:18:13-79
114            android:exported="false"
114-->[com.mapbox.mapboxsdk:mapbox-android-telemetry:4.7.3] AndroidManifest.xml:19:13-37
115            android:initOrder="100" />
115-->[com.mapbox.mapboxsdk:mapbox-android-telemetry:4.7.3] AndroidManifest.xml:20:13-36
116        <provider
116-->[androidx.work:work-runtime:2.2.0] AndroidManifest.xml:30:9-36:35
117            android:name="androidx.work.impl.WorkManagerInitializer"
117-->[androidx.work:work-runtime:2.2.0] AndroidManifest.xml:31:13-69
118            android:authorities="com.example.ict3104.t08.workmanager-init"
118-->[androidx.work:work-runtime:2.2.0] AndroidManifest.xml:32:13-68
119            android:directBootAware="false"
119-->[androidx.work:work-runtime:2.2.0] AndroidManifest.xml:33:13-44
120            android:exported="false"
120-->[androidx.work:work-runtime:2.2.0] AndroidManifest.xml:34:13-37
121            android:multiprocess="true" />
121-->[androidx.work:work-runtime:2.2.0] AndroidManifest.xml:35:13-40
122
123        <service
123-->[androidx.work:work-runtime:2.2.0] AndroidManifest.xml:38:9-43:35
124            android:name="androidx.work.impl.background.systemalarm.SystemAlarmService"
124-->[androidx.work:work-runtime:2.2.0] AndroidManifest.xml:39:13-88
125            android:directBootAware="false"
125-->[androidx.work:work-runtime:2.2.0] AndroidManifest.xml:40:13-44
126            android:enabled="@bool/enable_system_alarm_service_default"
126-->[androidx.work:work-runtime:2.2.0] AndroidManifest.xml:41:13-72
127            android:exported="false" />
127-->[androidx.work:work-runtime:2.2.0] AndroidManifest.xml:42:13-37
128        <service
128-->[androidx.work:work-runtime:2.2.0] AndroidManifest.xml:44:9-50:35
129            android:name="androidx.work.impl.background.systemjob.SystemJobService"
129-->[androidx.work:work-runtime:2.2.0] AndroidManifest.xml:45:13-84
130            android:directBootAware="false"
130-->[androidx.work:work-runtime:2.2.0] AndroidManifest.xml:46:13-44
131            android:enabled="@bool/enable_system_job_service_default"
131-->[androidx.work:work-runtime:2.2.0] AndroidManifest.xml:47:13-70
132            android:exported="true"
132-->[androidx.work:work-runtime:2.2.0] AndroidManifest.xml:48:13-36
133            android:permission="android.permission.BIND_JOB_SERVICE" />
133-->[androidx.work:work-runtime:2.2.0] AndroidManifest.xml:49:13-69
134
135        <receiver
135-->[androidx.work:work-runtime:2.2.0] AndroidManifest.xml:52:9-57:35
136            android:name="androidx.work.impl.utils.ForceStopRunnable$BroadcastReceiver"
136-->[androidx.work:work-runtime:2.2.0] AndroidManifest.xml:53:13-88
137            android:directBootAware="false"
137-->[androidx.work:work-runtime:2.2.0] AndroidManifest.xml:54:13-44
138            android:enabled="true"
138-->[androidx.work:work-runtime:2.2.0] AndroidManifest.xml:55:13-35
139            android:exported="false" />
139-->[androidx.work:work-runtime:2.2.0] AndroidManifest.xml:56:13-37
140        <receiver
140-->[androidx.work:work-runtime:2.2.0] AndroidManifest.xml:58:9-68:20
141            android:name="androidx.work.impl.background.systemalarm.ConstraintProxy$BatteryChargingProxy"
141-->[androidx.work:work-runtime:2.2.0] AndroidManifest.xml:59:13-106
142            android:directBootAware="false"
142-->[androidx.work:work-runtime:2.2.0] AndroidManifest.xml:60:13-44
143            android:enabled="false"
143-->[androidx.work:work-runtime:2.2.0] AndroidManifest.xml:61:13-36
144            android:exported="false" >
144-->[androidx.work:work-runtime:2.2.0] AndroidManifest.xml:62:13-37
145            <intent-filter>
145-->[androidx.work:work-runtime:2.2.0] AndroidManifest.xml:64:13-67:29
146                <action android:name="android.intent.action.ACTION_POWER_CONNECTED" />
146-->[androidx.work:work-runtime:2.2.0] AndroidManifest.xml:65:17-87
146-->[androidx.work:work-runtime:2.2.0] AndroidManifest.xml:65:25-84
147                <action android:name="android.intent.action.ACTION_POWER_DISCONNECTED" />
147-->[androidx.work:work-runtime:2.2.0] AndroidManifest.xml:66:17-90
147-->[androidx.work:work-runtime:2.2.0] AndroidManifest.xml:66:25-87
148            </intent-filter>
149        </receiver>
150        <receiver
150-->[androidx.work:work-runtime:2.2.0] AndroidManifest.xml:69:9-79:20
151            android:name="androidx.work.impl.background.systemalarm.ConstraintProxy$BatteryNotLowProxy"
151-->[androidx.work:work-runtime:2.2.0] AndroidManifest.xml:70:13-104
152            android:directBootAware="false"
152-->[androidx.work:work-runtime:2.2.0] AndroidManifest.xml:71:13-44
153            android:enabled="false"
153-->[androidx.work:work-runtime:2.2.0] AndroidManifest.xml:72:13-36
154            android:exported="false" >
154-->[androidx.work:work-runtime:2.2.0] AndroidManifest.xml:73:13-37
155            <intent-filter>
155-->[androidx.work:work-runtime:2.2.0] AndroidManifest.xml:75:13-78:29
156                <action android:name="android.intent.action.BATTERY_OKAY" />
156-->[androidx.work:work-runtime:2.2.0] AndroidManifest.xml:76:17-77
156-->[androidx.work:work-runtime:2.2.0] AndroidManifest.xml:76:25-74
157                <action android:name="android.intent.action.BATTERY_LOW" />
157-->[androidx.work:work-runtime:2.2.0] AndroidManifest.xml:77:17-76
157-->[androidx.work:work-runtime:2.2.0] AndroidManifest.xml:77:25-73
158            </intent-filter>
159        </receiver>
160        <receiver
160-->[androidx.work:work-runtime:2.2.0] AndroidManifest.xml:80:9-90:20
161            android:name="androidx.work.impl.background.systemalarm.ConstraintProxy$StorageNotLowProxy"
161-->[androidx.work:work-runtime:2.2.0] AndroidManifest.xml:81:13-104
162            android:directBootAware="false"
162-->[androidx.work:work-runtime:2.2.0] AndroidManifest.xml:82:13-44
163            android:enabled="false"
163-->[androidx.work:work-runtime:2.2.0] AndroidManifest.xml:83:13-36
164            android:exported="false" >
164-->[androidx.work:work-runtime:2.2.0] AndroidManifest.xml:84:13-37
165            <intent-filter>
165-->[androidx.work:work-runtime:2.2.0] AndroidManifest.xml:86:13-89:29
166                <action android:name="android.intent.action.DEVICE_STORAGE_LOW" />
166-->[androidx.work:work-runtime:2.2.0] AndroidManifest.xml:87:17-83
166-->[androidx.work:work-runtime:2.2.0] AndroidManifest.xml:87:25-80
167                <action android:name="android.intent.action.DEVICE_STORAGE_OK" />
167-->[androidx.work:work-runtime:2.2.0] AndroidManifest.xml:88:17-82
167-->[androidx.work:work-runtime:2.2.0] AndroidManifest.xml:88:25-79
168            </intent-filter>
169        </receiver>
170        <receiver
170-->[androidx.work:work-runtime:2.2.0] AndroidManifest.xml:91:9-100:20
171            android:name="androidx.work.impl.background.systemalarm.ConstraintProxy$NetworkStateProxy"
171-->[androidx.work:work-runtime:2.2.0] AndroidManifest.xml:92:13-103
172            android:directBootAware="false"
172-->[androidx.work:work-runtime:2.2.0] AndroidManifest.xml:93:13-44
173            android:enabled="false"
173-->[androidx.work:work-runtime:2.2.0] AndroidManifest.xml:94:13-36
174            android:exported="false" >
174-->[androidx.work:work-runtime:2.2.0] AndroidManifest.xml:95:13-37
175            <intent-filter>
175-->[androidx.work:work-runtime:2.2.0] AndroidManifest.xml:97:13-99:29
176                <action android:name="android.net.conn.CONNECTIVITY_CHANGE" />
176-->[androidx.work:work-runtime:2.2.0] AndroidManifest.xml:98:17-79
176-->[androidx.work:work-runtime:2.2.0] AndroidManifest.xml:98:25-76
177            </intent-filter>
178        </receiver>
179        <receiver
179-->[androidx.work:work-runtime:2.2.0] AndroidManifest.xml:101:9-112:20
180            android:name="androidx.work.impl.background.systemalarm.RescheduleReceiver"
180-->[androidx.work:work-runtime:2.2.0] AndroidManifest.xml:102:13-88
181            android:directBootAware="false"
181-->[androidx.work:work-runtime:2.2.0] AndroidManifest.xml:103:13-44
182            android:enabled="false"
182-->[androidx.work:work-runtime:2.2.0] AndroidManifest.xml:104:13-36
183            android:exported="false" >
183-->[androidx.work:work-runtime:2.2.0] AndroidManifest.xml:105:13-37
184            <intent-filter>
184-->[androidx.work:work-runtime:2.2.0] AndroidManifest.xml:107:13-111:29
185                <action android:name="android.intent.action.BOOT_COMPLETED" />
185-->[androidx.work:work-runtime:2.2.0] AndroidManifest.xml:108:17-79
185-->[androidx.work:work-runtime:2.2.0] AndroidManifest.xml:108:25-76
186                <action android:name="android.intent.action.TIME_SET" />
186-->[androidx.work:work-runtime:2.2.0] AndroidManifest.xml:109:17-73
186-->[androidx.work:work-runtime:2.2.0] AndroidManifest.xml:109:25-70
187                <action android:name="android.intent.action.TIMEZONE_CHANGED" />
187-->[androidx.work:work-runtime:2.2.0] AndroidManifest.xml:110:17-81
187-->[androidx.work:work-runtime:2.2.0] AndroidManifest.xml:110:25-78
188            </intent-filter>
189        </receiver>
190        <receiver
190-->[androidx.work:work-runtime:2.2.0] AndroidManifest.xml:113:9-122:20
191            android:name="androidx.work.impl.background.systemalarm.ConstraintProxyUpdateReceiver"
191-->[androidx.work:work-runtime:2.2.0] AndroidManifest.xml:114:13-99
192            android:directBootAware="false"
192-->[androidx.work:work-runtime:2.2.0] AndroidManifest.xml:115:13-44
193            android:enabled="@bool/enable_system_alarm_service_default"
193-->[androidx.work:work-runtime:2.2.0] AndroidManifest.xml:116:13-72
194            android:exported="false" >
194-->[androidx.work:work-runtime:2.2.0] AndroidManifest.xml:117:13-37
195            <intent-filter>
195-->[androidx.work:work-runtime:2.2.0] AndroidManifest.xml:119:13-121:29
196                <action android:name="androidx.work.impl.background.systemalarm.UpdateProxies" />
196-->[androidx.work:work-runtime:2.2.0] AndroidManifest.xml:120:17-98
196-->[androidx.work:work-runtime:2.2.0] AndroidManifest.xml:120:25-95
197            </intent-filter>
198        </receiver>
199
200        <service
200-->[androidx.room:room-runtime:2.1.0] AndroidManifest.xml:25:9-27:40
201            android:name="androidx.room.MultiInstanceInvalidationService"
201-->[androidx.room:room-runtime:2.1.0] AndroidManifest.xml:26:13-74
202            android:exported="false" />
202-->[androidx.room:room-runtime:2.1.0] AndroidManifest.xml:27:13-37
203
204        <provider
204-->[androidx.lifecycle:lifecycle-process:2.2.0] AndroidManifest.xml:25:9-29:43
205            android:name="androidx.lifecycle.ProcessLifecycleOwnerInitializer"
205-->[androidx.lifecycle:lifecycle-process:2.2.0] AndroidManifest.xml:26:13-79
206            android:authorities="com.example.ict3104.t08.lifecycle-process"
206-->[androidx.lifecycle:lifecycle-process:2.2.0] AndroidManifest.xml:27:13-69
207            android:exported="false"
207-->[androidx.lifecycle:lifecycle-process:2.2.0] AndroidManifest.xml:28:13-37
208            android:multiprocess="true" />
208-->[androidx.lifecycle:lifecycle-process:2.2.0] AndroidManifest.xml:29:13-40
209        <provider
209-->[com.squareup.picasso:picasso:2.71828] AndroidManifest.xml:8:9-11:40
210            android:name="com.squareup.picasso.PicassoProvider"
210-->[com.squareup.picasso:picasso:2.71828] AndroidManifest.xml:9:13-64
211            android:authorities="com.example.ict3104.t08.com.squareup.picasso"
211-->[com.squareup.picasso:picasso:2.71828] AndroidManifest.xml:10:13-72
212            android:exported="false" /> <!-- The minimal version code of ARCore APK required for an app using this SDK. -->
212-->[com.squareup.picasso:picasso:2.71828] AndroidManifest.xml:11:13-37
213        <meta-data
213-->[com.google.ar:core:1.19.0] AndroidManifest.xml:36:9-38:41
214            android:name="com.google.ar.core.min_apk_version"
214-->[com.google.ar:core:1.19.0] AndroidManifest.xml:37:13-62
215            android:value="201750000" /> <!-- This activity is critical for installing ARCore when it is not already present. -->
215-->[com.google.ar:core:1.19.0] AndroidManifest.xml:38:13-38
216        <activity
216-->[com.google.ar:core:1.19.0] AndroidManifest.xml:40:9-46:80
217            android:name="com.google.ar.core.InstallActivity"
217-->[com.google.ar:core:1.19.0] AndroidManifest.xml:41:13-62
218            android:configChanges="keyboardHidden|orientation|screenSize"
218-->[com.google.ar:core:1.19.0] AndroidManifest.xml:42:13-74
219            android:excludeFromRecents="true"
219-->[com.google.ar:core:1.19.0] AndroidManifest.xml:43:13-46
220            android:exported="false"
220-->[com.google.ar:core:1.19.0] AndroidManifest.xml:44:13-37
221            android:launchMode="singleTop"
221-->[com.google.ar:core:1.19.0] AndroidManifest.xml:45:13-43
222            android:theme="@android:style/Theme.Material.Light.Dialog.Alert" />
222-->[com.google.ar:core:1.19.0] AndroidManifest.xml:46:13-77
223    </application>
224
225</manifest>